<?xml version="1.0" encoding="UTF-8"?>
<!--
  ~ Copyright (c) 2012-2012 poplar.yfyang
  ~ Licensed under the Apache License, Version 2.0 (the "License");
  ~ you may not use this file except in compliance with the License.
  ~ You may obtain a copy of the License at
  ~
  ~    http://www.apache.org/licenses/LICENSE-2.0
  ~
  ~ Unless required by applicable law or agreed to in writing, software
  ~ distributed under the License is distributed on an "AS IS" BASIS,
  ~ WITHOUT WARRANTIES OR CONDITIONS OF ANY KIND, either express or implied.
  ~ See the License for the specific language governing permissions and
  ~ limitations under the License.
  -->

<beans xmlns="http://www.springframework.org/schema/beans"
       xmlns:xsi="http://www.w3.org/2001/XMLSchema-instance"
       xmlns:context="http://www.springframework.org/schema/context"
       xmlns:aop="http://www.springframework.org/schema/aop"
       xmlns:tx="http://www.springframework.org/schema/tx"
       xsi:schemaLocation="http://www.springframework.org/schema/beans
       http://www.springframework.org/schema/beans/spring-beans-4.1.xsd
       http://www.springframework.org/schema/context
       http://www.springframework.org/schema/context/spring-context-4.1.xsd
       http://www.springframework.org/schema/aop
       http://www.springframework.org/schema/aop/spring-aop-4.1.xsd
       http://www.springframework.org/schema/tx
       http://www.springframework.org/schema/tx/spring-tx-4.1.xsd">

    <context:annotation-config/>
    <!-- ***************资源文件************** -->
    <bean id="propertyConfig"
          class="org.springframework.beans.factory.config.PropertyPlaceholderConfigurer">
        <property name="location" value="classpath:spring/test.properties"/>
    </bean>
    <bean id="pageConfig" class="org.mybatis.pagination.PaginationInterceptor">
        <property name="properties">
            <props>
                <prop key="dbms">${database_dialect}</prop>
                <prop key="sqlRegex">.*ByPage.*</prop>
            </props>
        </property>
    </bean>

    <bean id="sqlSessionFactory" class="org.mybatis.spring.SqlSessionFactoryBean">
        <property name="dataSource" ref="dataSource"/>
        <property name="mapperLocations" value="classpath*:mapper/**/*Mapper.xml"/>
        <property name="plugins">
            <list>
                <ref bean="pageConfig"/>
            </list>
        </property>
    </bean>
    <bean id="sqlSession" class="org.mybatis.spring.SqlSessionTemplate">
        <constructor-arg index="0" ref="sqlSessionFactory"/>
    </bean>

    <bean class="org.mybatis.spring.mapper.MapperScannerConfigurer">
        <property name="basePackage" value="org.mybatis.pagination.mapper"/>
        <property name="annotationClass" value="org.mybatis.pagination.extra.MyBatisRepository"/>
    </bean>
    <!-- 使用annotation定义事务 -->
    <tx:annotation-driven transaction-manager="transactionManager" proxy-target-class="true"/>

    <bean id="transactionManager" class="org.springframework.jdbc.datasource.DataSourceTransactionManager">
        <property name="dataSource" ref="dataSource"/>
    </bean>

    <context:component-scan base-package="org.mybatis.pagination.service.*"/>
    <bean id="dataSource" class="com.mchange.v2.c3p0.ComboPooledDataSource" destroy-method="close">
        <property name="driverClass" value="${driverClass}"/>
        <property name="jdbcUrl" value="${jdbcurl}"/>
        <property name="user" value="${username}"/>
        <property name="password" value="${password}"/>
    </bean>
    <!-- 定义aspectj -->
    <aop:aspectj-autoproxy proxy-target-class="true"/>

</beans>